<?xml version="1.0" encoding="UTF-8"?>
<!-- Generated by org.testng.reporters.JUnitXMLReporter -->
<testsuite hostname="Digisol" ignored="0" name="Test" tests="2" failures="2" timestamp="2023-01-12T17:26:30 IST" time="32.993" errors="0">
  <testcase name="searchForeignTicketTest" time="16.121" classname="searchTest.SearchForeignerTicketTest">
    <failure type="java.lang.AssertionError" message="null">
      <![CDATA[java.lang.AssertionError: null
at searchTest.SearchForeignerTicketTest.searchForeignTicketTest(SearchForeignerTicketTest.java:62)
at java.util.ArrayList.forEach(ArrayList.java:1257)
at java.util.concurrent.FutureTask.run(FutureTask.java:266)
at java.util.concurrent.ThreadPoolExecutor.runWorker(ThreadPoolExecutor.java:1149)
at java.util.concurrent.ThreadPoolExecutor$Worker.run(ThreadPoolExecutor.java:624)
at java.lang.Thread.run(Thread.java:748)
... Removed 20 stack frames]]>
    </failure>
  </testcase> <!-- searchForeignTicketTest -->
  <testcase name="searchForeignTicketTest" time="20.283" classname="searchTest.SearchForeignerTicketTest">
    <failure type="java.lang.NullPointerException">
      <![CDATA[java.lang.NullPointerException
at com.zooview.generics.ListnerImplementation.onTestFailure(ListnerImplementation.java:42)
at java.util.ArrayList.forEach(ArrayList.java:1257)
at java.util.concurrent.FutureTask.run(FutureTask.java:266)
at java.util.concurrent.ThreadPoolExecutor.runWorker(ThreadPoolExecutor.java:1149)
at java.util.concurrent.ThreadPoolExecutor$Worker.run(ThreadPoolExecutor.java:624)
at java.lang.Thread.run(Thread.java:748)
... Removed 15 stack frames]]>
    </failure>
  </testcase> <!-- searchForeignTicketTest -->
</testsuite> <!-- Test -->
